[debug] [2026-04-22T10:35:09.083Z] ----------------------------------------------------------------------
[debug] [2026-04-22T10:35:09.093Z] Command:       C:\Program Files\nodejs\node.exe C:\Users\latif\AppData\Roaming\npm\node_modules\firebase-tools\lib\bin\firebase.js login --no-localhost
[debug] [2026-04-22T10:35:09.094Z] CLI Version:   15.15.0
[debug] [2026-04-22T10:35:09.095Z] Platform:      win32
[debug] [2026-04-22T10:35:09.095Z] Node Version:  v20.16.0
[debug] [2026-04-22T10:35:09.095Z] Time:          Wed Apr 22 2026 13:35:09 GMT+0300 (East Africa Time)
[debug] [2026-04-22T10:35:09.095Z] ----------------------------------------------------------------------
[debug] 
[debug] [2026-04-22T10:35:09.105Z] >>> [apiv2][query] GET https://firebase-public.firebaseio.com/cli.json [none]
[error] 
[error] Error: Cannot run login in non-interactive mode. See login:ci to generate a token for use in non-interactive environments.
[debug] [2026-04-22T10:35:26.644Z] ----------------------------------------------------------------------
[debug] [2026-04-22T10:35:26.649Z] Command:       C:\Program Files\nodejs\node.exe C:\Users\latif\AppData\Roaming\npm\node_modules\firebase-tools\lib\bin\firebase.js login
[debug] [2026-04-22T10:35:26.650Z] CLI Version:   15.15.0
[debug] [2026-04-22T10:35:26.650Z] Platform:      win32
[debug] [2026-04-22T10:35:26.650Z] Node Version:  v20.16.0
[debug] [2026-04-22T10:35:26.651Z] Time:          Wed Apr 22 2026 13:35:26 GMT+0300 (East Africa Time)
[debug] [2026-04-22T10:35:26.651Z] ----------------------------------------------------------------------
[debug] 
[debug] [2026-04-22T10:35:26.659Z] >>> [apiv2][query] GET https://firebase-public.firebaseio.com/cli.json [none]
[error] 
[error] Error: Cannot run login in non-interactive mode. See login:ci to generate a token for use in non-interactive environments.
